# JRE version: Java(TM) SE Runtime Environment (8.0_181-b13) (build 1.8.0_181-b13)
# Java VM: Java HotSpot(TM) 64-Bit Server VM (25.181-b13 mixed mode windows-amd64 compressed oops)
Heap:
 PSYoungGen      total 76800K, used 36505K [0x00000000d6000000, 0x00000000dd780000, 0x0000000100000000)
  eden space 65536K, 41% used [0x00000000d6000000,0x00000000d7acca38,0x00000000da000000)
  from space 11264K, 80% used [0x00000000da000000,0x00000000da8d99f0,0x00000000dab00000)
  to   space 11264K, 0% used [0x00000000dcc80000,0x00000000dcc80000,0x00000000dd780000)
 ParOldGen       total 51200K, used 9087K [0x0000000082000000, 0x0000000085200000, 0x00000000d6000000)
  object space 51200K, 17% used [0x0000000082000000,0x00000000828dfe48,0x0000000085200000)
 Metaspace       used 31993K, capacity 34138K, committed 34304K, reserved 1079296K
  class space    used 3738K, capacity 4296K, committed 4352K, reserved 1048576K
GC Heap History (10 events):
Event: 8.207 GC heap before
{Heap before GC invocations=6 (full 0):
 PSYoungGen      total 37888K, used 8396K [0x00000000d6000000, 0x00000000db600000, 0x0000000100000000)
  eden space 32768K, 10% used [0x00000000d6000000,0x00000000d6336468,0x00000000d8000000)
  from space 5120K, 99% used [0x00000000d8000000,0x00000000d84fcc40,0x00000000d8500000)
  to   space 11264K, 0% used [0x00000000dab00000,0x00000000dab00000,0x00000000db600000)
 ParOldGen       total 86016K, used 10571K [0x0000000082000000, 0x0000000087400000, 0x00000000d6000000)
  object space 86016K, 12% used [0x0000000082000000,0x0000000082a52e10,0x0000000087400000)
 Metaspace       used 19907K, capacity 21072K, committed 21248K, reserved 1069056K
  class space    used 2232K, capacity 2472K, committed 2560K, reserved 1048576K
Event: 8.216 GC heap after
Heap after GC invocations=6 (full 0):
 PSYoungGen      total 76800K, used 5379K [0x00000000d6000000, 0x00000000db600000, 0x0000000100000000)
  eden space 65536K, 0% used [0x00000000d6000000,0x00000000d6000000,0x00000000da000000)
  from space 11264K, 47% used [0x00000000dab00000,0x00000000db040c70,0x00000000db600000)
  to   space 11264K, 0% used [0x00000000da000000,0x00000000da000000,0x00000000dab00000)
 ParOldGen       total 86016K, used 10579K [0x0000000082000000, 0x0000000087400000, 0x00000000d6000000)
  object space 86016K, 12% used [0x0000000082000000,0x0000000082a54e10,0x0000000087400000)
 Metaspace       used 19907K, capacity 21072K, committed 21248K, reserved 1069056K
  class space    used 2232K, capacity 2472K, committed 2560K, reserved 1048576K
}
Event: 8.216 GC heap before
{Heap before GC invocations=7 (full 1):
 PSYoungGen      total 76800K, used 5379K [0x00000000d6000000, 0x00000000db600000, 0x0000000100000000)
  eden space 65536K, 0% used [0x00000000d6000000,0x00000000d6000000,0x00000000da000000)
  from space 11264K, 47% used [0x00000000dab00000,0x00000000db040c70,0x00000000db600000)
  to   space 11264K, 0% used [0x00000000da000000,0x00000000da000000,0x00000000dab00000)
 ParOldGen       total 86016K, used 10579K [0x0000000082000000, 0x0000000087400000, 0x00000000d6000000)
  object space 86016K, 12% used [0x0000000082000000,0x0000000082a54e10,0x0000000087400000)
 Metaspace       used 19907K, capacity 21072K, committed 21248K, reserved 1069056K
  class space    used 2232K, capacity 2472K, committed 2560K, reserved 1048576K
Event: 8.260 GC heap after
Heap after GC invocations=7 (full 1):
 PSYoungGen      total 76800K, used 0K [0x00000000d6000000, 0x00000000db600000, 0x0000000100000000)
  eden space 65536K, 0% used [0x00000000d6000000,0x00000000d6000000,0x00000000da000000)
  from space 11264K, 0% used [0x00000000dab00000,0x00000000dab00000,0x00000000db600000)
  to   space 11264K, 0% used [0x00000000da000000,0x00000000da000000,0x00000000dab00000)
 ParOldGen       total 51200K, used 9071K [0x0000000082000000, 0x0000000085200000, 0x00000000d6000000)
  object space 51200K, 17% used [0x0000000082000000,0x00000000828dbe48,0x0000000085200000)
 Metaspace       used 19907K, capacity 21072K, committed 21248K, reserved 1069056K
  class space    used 2232K, capacity 2472K, committed 2560K, reserved 1048576K
}
Event: 9.347 GC heap before
{Heap before GC invocations=8 (full 1):
 PSYoungGen      total 76800K, used 65536K [0x00000000d6000000, 0x00000000db600000, 0x0000000100000000)
  eden space 65536K, 100% used [0x00000000d6000000,0x00000000da000000,0x00000000da000000)
  from space 11264K, 0% used [0x00000000dab00000,0x00000000dab00000,0x00000000db600000)
  to   space 11264K, 0% used [0x00000000da000000,0x00000000da000000,0x00000000dab00000)
 ParOldGen       total 51200K, used 9071K [0x0000000082000000, 0x0000000085200000, 0x00000000d6000000)
  object space 51200K, 17% used [0x0000000082000000,0x00000000828dbe48,0x0000000085200000)
 Metaspace       used 26076K, capacity 27392K, committed 27648K, reserved 1073152K
  class space    used 2956K, capacity 3220K, committed 3328K, reserved 1048576K
Event: 9.355 GC heap after
Heap after GC invocations=8 (full 1):
 PSYoungGen      total 76800K, used 7147K [0x00000000d6000000, 0x00000000db600000, 0x0000000100000000)
  eden space 65536K, 0% used [0x00000000d6000000,0x00000000d6000000,0x00000000da000000)
  from space 11264K, 63% used [0x00000000da000000,0x00000000da6faf18,0x00000000dab00000)
  to   space 11264K, 0% used [0x00000000dab00000,0x00000000dab00000,0x00000000db600000)
 ParOldGen       total 51200K, used 9079K [0x0000000082000000, 0x0000000085200000, 0x00000000d6000000)
  object space 51200K, 17% used [0x0000000082000000,0x00000000828dde48,0x0000000085200000)
 Metaspace       used 26076K, capacity 27392K, committed 27648K, reserved 1073152K
  class space    used 2956K, capacity 3220K, committed 3328K, reserved 1048576K
}
Event: 10.312 GC heap before
{Heap before GC invocations=9 (full 1):
 PSYoungGen      total 76800K, used 72683K [0x00000000d6000000, 0x00000000db600000, 0x0000000100000000)
  eden space 65536K, 100% used [0x00000000d6000000,0x00000000da000000,0x00000000da000000)
  from space 11264K, 63% used [0x00000000da000000,0x00000000da6faf18,0x00000000dab00000)
  to   space 11264K, 0% used [0x00000000dab00000,0x00000000dab00000,0x00000000db600000)
 ParOldGen       total 51200K, used 9079K [0x0000000082000000, 0x0000000085200000, 0x00000000d6000000)
  object space 51200K, 17% used [0x0000000082000000,0x00000000828dde48,0x0000000085200000)
 Metaspace       used 29923K, capacity 31418K, committed 31616K, reserved 1077248K
  class space    used 3372K, capacity 3709K, committed 3712K, reserved 1048576K
Event: 10.333 GC heap after
Heap after GC invocations=9 (full 1):
 PSYoungGen      total 76800K, used 8955K [0x00000000d6000000, 0x00000000dee00000, 0x0000000100000000)
  eden space 65536K, 0% used [0x00000000d6000000,0x00000000d6000000,0x00000000da000000)
  from space 11264K, 79% used [0x00000000dab00000,0x00000000db3bef60,0x00000000db600000)
  to   space 11264K, 0% used [0x00000000da000000,0x00000000da000000,0x00000000dab00000)
 ParOldGen       total 51200K, used 9079K [0x0000000082000000, 0x0000000085200000, 0x00000000d6000000)
  object space 51200K, 17% used [0x0000000082000000,0x00000000828dde48,0x0000000085200000)
 Metaspace       used 29923K, capacity 31418K, committed 31616K, reserved 1077248K
  class space    used 3372K, capacity 3709K, committed 3712K, reserved 1048576K
}
Event: 11.267 GC heap before
{Heap before GC invocations=10 (full 1):
 PSYoungGen      total 76800K, used 74491K [0x00000000d6000000, 0x00000000dee00000, 0x0000000100000000)
  eden space 65536K, 100% used [0x00000000d6000000,0x00000000da000000,0x00000000da000000)
  from space 11264K, 79% used [0x00000000dab00000,0x00000000db3bef60,0x00000000db600000)
  to   space 11264K, 0% used [0x00000000da000000,0x00000000da000000,0x00000000dab00000)
 ParOldGen       total 51200K, used 9079K [0x0000000082000000, 0x0000000085200000, 0x00000000d6000000)
  object space 51200K, 17% used [0x0000000082000000,0x00000000828dde48,0x0000000085200000)
 Metaspace       used 31125K, capacity 33218K, committed 33408K, reserved 1079296K
  class space    used 3603K, capacity 4119K, committed 4224K, reserved 1048576K
Event: 11.302 GC heap after
Heap after GC invocations=10 (full 1):
 PSYoungGen      total 76800K, used 9062K [0x00000000d6000000, 0x00000000dd780000, 0x0000000100000000)
  eden space 65536K, 0% used [0x00000000d6000000,0x00000000d6000000,0x00000000da000000)
  from space 11264K, 80% used [0x00000000da000000,0x00000000da8d99f0,0x00000000dab00000)
  to   space 11264K, 0% used [0x00000000dcc80000,0x00000000dcc80000,0x00000000dd780000)
 ParOldGen       total 51200K, used 9087K [0x0000000082000000, 0x0000000085200000, 0x00000000d6000000)
  object space 51200K, 17% used [0x0000000082000000,0x00000000828dfe48,0x0000000085200000)
 Metaspace       used 31125K, capacity 33218K, committed 33408K, reserved 1079296K
  class space    used 3603K, capacity 4119K, committed 4224K, reserved 1048576K
}

